FTP: Use MLST/MLSD command to list files
===== 2012-05-29 00:03:21: Job 'New Job': SYNC started by User on computer 'Mina' =====
New Job: ftp://preciouslives.net/public_html <-> /Applications/XAMPP/htdocs, SavePrevVers, CleanupPrevVers=30d, CleanupOldGens=24m, TmpDest, EstReq, CopyLocked, DetectMovesAndRenames, DetectFolderMoves, FileLinksDrill, Reconnect=3, ChangeLimit=10
Delete File 'ftp://preciouslives.net/public_html/blogs/a/index.php'
Delete Folder 'ftp://preciouslives.net/public_html/blogs/a'
Delete File 'ftp://preciouslives.net/public_html/blogs/ablog/error_log'
Delete File 'ftp://preciouslives.net/public_html/blogs/ablog/index.php'
Delete Folder 'ftp://preciouslives.net/public_html/blogs/ablog'
Delete File 'ftp://preciouslives.net/public_html/blogs/ablog2/index.php'
Delete Folder 'ftp://preciouslives.net/public_html/blogs/ablog2'
Delete File 'ftp://preciouslives.net/public_html/blogs/mina/index.php'
Delete Folder 'ftp://preciouslives.net/public_html/blogs/mina'
Delete File 'ftp://preciouslives.net/public_html/blogs/test/index.php'
Delete Folder 'ftp://preciouslives.net/public_html/blogs/test'
Delete File 'ftp://preciouslives.net/public_html/blogs/testblog/error_log'
Delete File 'ftp://preciouslives.net/public_html/blogs/testblog/index.php'
Delete Folder 'ftp://preciouslives.net/public_html/blogs/testblog'
Create Folder '/Applications/XAMPP/htdocs/blogs/final'
Create Folder '/Applications/XAMPP/htdocs/blogs/someblog'
Copy Over '/Applications/XAMPP/htdocs/assets/css/bootstrap.css' -> 'ftp://preciouslives.net/public_html/assets/css/bootstrap.css'
Close Modified Folder (mod-time, acl): /assets/css
Copy New 'ftp://preciouslives.net/public_html/blogs/final/index.php' -> '/Applications/XAMPP/htdocs/blogs/final/index.php'
Close Modified Folder (mod-time, acl): /blogs/final
Copy New 'ftp://preciouslives.net/public_html/blogs/someblog/index.php' -> '/Applications/XAMPP/htdocs/blogs/someblog/index.php'
Close Modified Folder (mod-time, acl): /blogs/someblog
Close Modified Folder (mod-time, acl): /blogs
Save State File ftp://preciouslives.net/public_html/_gsdata_/_file_state_v4._gs
Save State File /Applications/XAMPP/htdocs/_gsdata_/_file_state_v4._gs
Items Synced OK: 19, Errors: 0
===== 2012-05-29 00:03:32: Sync Completed. Time: 00:00:12, Speed: 40K/s =====

