FTP: Use MLST/MLSD command to list files
===== 2012-06-02 16:46:59: Job 'New Job': SYNC started by User on computer 'Mina' =====
New Job: ftp://preciouslives.net/public_html <-> /Applications/XAMPP/htdocs, SavePrevVers, CleanupPrevVers=30d, CleanupOldGens=24m, TmpDest, EstReq, CopyLocked, DetectMovesAndRenames, DetectFolderMoves, FileLinksDrill, Reconnect=3, ChangeLimit=10
Delete File 'ftp://preciouslives.net/public_html/blog.php'
Delete File 'ftp://preciouslives.net/public_html/blogs/blog-template.php'
Delete File 'ftp://preciouslives.net/public_html/blogs/final/index.php'
Delete Folder 'ftp://preciouslives.net/public_html/blogs/final'
Delete File 'ftp://preciouslives.net/public_html/blogs/someblog/index.php'
Delete Folder 'ftp://preciouslives.net/public_html/blogs/someblog'
Create Folder '/Applications/XAMPP/htdocs/blogs/test'
Copy New '/Applications/XAMPP/htdocs/assets/html/blog-template.php' -> 'ftp://preciouslives.net/public_html/assets/html/blog-template.php'
Copy New '/Applications/XAMPP/htdocs/assets/html/blog.php' -> 'ftp://preciouslives.net/public_html/assets/html/blog.php'
Close Modified Folder (mod-time, acl): /assets/html
Copy Over '/Applications/XAMPP/htdocs/assets/js/blog.js' -> 'ftp://preciouslives.net/public_html/assets/js/blog.js'
Close Modified Folder (mod-time, acl): /assets/js
Copy Over '/Applications/XAMPP/htdocs/assets/php/blogConnect.php' -> 'ftp://preciouslives.net/public_html/assets/php/blogConnect.php'
Close Modified Folder (mod-time, acl): /assets/php
Copy New 'ftp://preciouslives.net/public_html/blogs/test/error_log' -> '/Applications/XAMPP/htdocs/blogs/test/error_log'
Copy New 'ftp://preciouslives.net/public_html/blogs/test/index.php' -> '/Applications/XAMPP/htdocs/blogs/test/index.php'
Close Modified Folder (mod-time, acl): /blogs/test
Close Modified Folder (mod-time, acl): /blogs
Copy Over '/Applications/XAMPP/htdocs/index.php' -> 'ftp://preciouslives.net/public_html/index.php'
Copy New '/Applications/XAMPP/htdocs/myblog.php' -> 'ftp://preciouslives.net/public_html/myblog.php'
Save State File ftp://preciouslives.net/public_html/_gsdata_/_file_state_v4._gs
Save State File /Applications/XAMPP/htdocs/_gsdata_/_file_state_v4._gs
Items Synced OK: 15, Errors: 0
===== 2012-06-02 16:47:11: Sync Completed. Time: 00:00:13, Speed: 20K/s =====

